# ID_1        photz   SED   chisq       RA            Dec          rflux      f814w     f105w        f140w          ch1      ech1       
  9.000001    0.87    8     5.673E11    175.6745043   15.4331867   0.0        0.0       20877.584    980.39307      0.0      1.4258538  
  9.000002    0.89    8     5236200.0   175.7068085   15.4739527   0.0        0.0       81.84652     26.198729      0.0      1.4258538  
  9.000003    1.04    8     2532500.0   175.7050947   15.4733245   27.856     35.361    192.29156    209.72018      106.14   1.4259     
  9.000004    0.96    7     2217.4      175.7016237   15.4726388   3.8463     1.5701    6.4020667    7.1792684      0.0      1.4258538  
  9.000005    1.22    8     45.99       175.7031775   15.4726881   0.31431    0.0       0.8242144    1.1363711      0.0      1.4258538  
  9.000006    0.96    8     17.95       175.705888    15.4727988   0.0        0.0       0.24490643   0.1892693      0.0      1.4258538  
  9.000007    0.88    6     237.33      175.7042936   15.4724867   2.0572     6.4133    13.665962    20.682365      44.074   1.4259     
  9.000008    0.87    8     56.56       175.699642    15.4725021   0.0        0.0       0.20041037   9.120103E-31   0.0      1.4258538  
  9.000009    0.59    8     76.86       175.6965149   15.4720748   0.36901    0.0       0.3538997    0.38204998     0.0      1.4258538  
  9.000010    1.04    5     58.67       175.6947398   15.4717519   0.38801    0.0       0.7244363    0.8336815      0.0      1.4258538  
  9.000011    0.82    1     27.64       175.7032036   15.4717062   0.27629    0.66668   1.9184929    2.9080389      0.0      1.4258538  
  9.000012    0.87    8     66.56       175.6959677   15.4717804   0.0        0.0       0.21741033   9.120103E-31   0.0      1.4258538  
  9.000013    1.21    1     13.72       175.7062623   15.4714645   0.0        0.0       0.4860939    0.97319573     0.0      1.4258538  
  9.000014    0.87    8     70.7        175.6942946   15.4714805   0.0        0.0       0.22405785   9.120103E-31   0.0      1.4258538  
  9.000015    0.62    8     27.98       175.7018154   15.4711576   0.25363    0.0       0.3827544    0.3910211      0.0      1.4258538  
  9.000016    1.02    8     58.06       175.69638     15.4709974   0.0        0.0       0.5108815    0.4937194      0.0      1.4258538  
  9.000017    0.87    8     118.72      175.6908579   15.4709056   0.0        0.0       0.2903489    9.120103E-31   0.0      1.4258538  
  9.000018    0.89    8     110.96      175.6893125   15.470773    0.0        0.0       0.39489368   0.14443757     0.0      1.4258538  
  9.000019    1.07    2     52.83       175.7036224   15.4704904   0.0        0.0       1.1416163    2.06158        0.0      1.4258538  
  9.000020    0.83    8     76.63       175.6877481   15.4701399   0.23688    0.0       0.32845825   0.14668989     0.0      1.4258538  
  9.000021    1.33    0     160.87      175.6985321   15.4699877   0.0        0.0       3.1246414    6.9464064      28.618   1.4259     
  9.000022    1.15    8     1484.4      175.6851871   15.4697974   1.3436     0.0       4.7193284    5.775641       0.0      1.4258538  
  9.000023    1.02    6     345.72      175.6957039   15.4696565   1.6743     4.1706    14.320567    23.557013      63.855   1.4259     
  9.000024    0.88    1     97.5        175.6929825   15.4698664   0.33269    0.0       0.6186431    0.4973707      0.0      1.4258538  
  9.000025    0.89    1     12.76       175.6891038   15.469893    0.0        0.0       0.32192907   0.41763818     0.0      1.4258538  
  9.000026    0.91    8     187.13      175.6913249   15.4697879   0.0        0.0       0.57660735   0.27413228     0.0      1.4258538  
  9.000027    1.1     2     72.64       175.6876317   15.46963     0.0        0.0       1.3414057    2.479706       0.0      1.4258538  
  9.000028    1.27    5     2406.3      175.6971146   15.4691772   1.0441     0.0       9.059834     18.32484       82.156   1.4259     
  9.000029    1.24    1     8.35        175.6993787   15.4696056   0.0        0.0       0.37535325   0.77904075     0.0      1.4258538  
  9.000030    1.43    8     22.39       175.7004558   15.4694626   0.52201    0.85161   2.0869892    3.6081135      10.506   1.4259     
  9.000031    0.25    8     57.1        175.682736    15.4693206   2.0639     2.6678    3.7078333    4.837714       0.0      1.4258538  
  9.000032    0.95    7     1115.9      175.6989183   15.4692484   2.0464     6.5633    14.378719    20.042885      51.11    1.4259     
  9.000033    0.67    8     613.64      175.682051    15.4694518   0.8625     0.0       0.4364356    0.5690104      0.0      1.4258538  
  9.000034    0.64    8     574.89      175.681721    15.4694004   0.8625     0.0       0.5022965    0.6302026      0.0      1.4258538  
  9.000035    0.27    8     55.87       175.6948885   15.4690898   1.4913     1.3619    2.1407216    2.8051765      0.0      1.4258538  
  9.000036    0.09    2     63.67       175.6982507   15.469049    1.366      1.7967    3.0732663    3.312533       0.0      1.4258538  
  9.000037    0.85    8     45.58       175.6802952   15.469142    0.0        0.26392   0.20646203   0.047915958    0.0      1.4258538  
  9.000038    0.62    3     329.13      175.6964278   15.4688597   0.57602    1.5207    2.7560062    5.223483       0.0      1.4258538  
  9.000039    1.01    8     39.94       175.7019396   15.4689227   0.0        0.0       0.41187003   0.38772175     0.0      1.4258538  
  9.000040    0.93    5     100.16      175.6882952   15.4686906   0.89462    3.376     8.75226      14.095491      38.021   1.4259     
  9.000041    0.87    8     109.62      175.6785312   15.4688213   0.0        0.0       0.27899742   9.120103E-31   0.0      1.4258538  
  9.000042    0.96    1     3.84        175.7056951   15.4688374   0.0        0.0       0.22167677   0.3373496      0.0      1.4258538  
  9.000043    1.24    8     297.46      175.7013129   15.4683349   1.7204     1.73      6.0150633    9.649842       32.01    1.4259     
  9.000044    0.87    8     138.94      175.6759108   15.4683472   0.0        0.0       0.31410885   9.120103E-31   0.0      1.4258538  
  9.000045    1.0     8     14.56       175.6796518   15.4682863   0.0        0.0       0.24221452   0.21853457     0.0      1.4258538  
  9.000046    0.84    8     171.23      175.6762657   15.4682565   0.0        0.6351    0.26477695   9.120103E-31   0.0      1.4258538  
  9.000047    0.88    8     94.03       175.6754759   15.4682338   0.0        0.0       0.29158163   0.040693045    0.0      1.4258538  
  9.000048    0.87    8     168.03      175.6822879   15.4682304   0.0        0.0       0.3454301    9.120103E-31   0.0      1.4258538  
  9.000049    0.09    2     18.33       175.6979012   15.4680915   1.063      1.8315    2.3924353    2.677196       0.0      1.4258538  
  9.000050    0.88    8     37.31       175.674936    15.4681671   0.0        0.0       0.20263767   0.049513105    0.0      1.4258538  
  9.000051    0.53    8     36.19       175.7060439   15.4680848   0.31368    0.0       0.36643773   0.3708516      0.0      1.4258538  
  9.000052    0.94    1     27.08       175.6876452   15.4680324   0.18769    0.0       0.37359425   0.34276792     0.0      1.4258538  
  9.000053    0.11    1     242.98      175.7075829   15.4678579   2.1038     2.955     3.6993055    4.098644       0.0      1.4258538  
  9.000054    1.23    8     16.16       175.6744566   15.4679669   0.14125    0.0       0.45065084   0.62287396     0.0      1.4258538  
  9.000055    1.08    8     16.91       175.6942273   15.4678842   0.32252    0.53481   1.1577111    1.4735341      0.0      1.4258538  
  9.000056    0.93    8     11.37       175.6861714   15.467939    0.0        0.0       0.2798467    0.32410085     0.0      1.4258538  
  9.000057    0.87    8     413.01      175.6829223   15.4678155   0.0        0.0       0.541552     9.120103E-31   0.0      1.4258538  
  9.000058    0.98    6     330.24      175.6774002   15.4676703   0.86076    0.0       1.6466458    1.7079698      0.0      1.4258538  
  9.000059    0.87    8     40.28       175.6728526   15.4677636   0.0        0.0       0.18341725   0.017461443    0.0      1.4258538  
  9.000060    0.87    8     36.19       175.6725369   15.4677166   0.0        0.0       0.17405246   0.016777227    0.0      1.4258538  
  9.000061    1.11    8     495.89      175.683597    15.4674434   0.86912    0.0       2.8636518    4.0730543      0.0      1.4258538  
  9.000062    0.71    1     14.39       175.7046195   15.4674424   0.21256    0.58863   0.50895596   0.58242524     0.0      1.4258538  
  9.000063    0.87    8     208.29      175.6830789   15.4674485   0.0        0.0       0.38459194   9.120103E-31   0.0      1.4258538  
  9.000064    0.85    7     74.54       175.689213    15.4673247   0.43958    1.4966    2.7244585    3.6809523      0.0      1.4258538  
  9.000065    0.89    8     7.44        175.6988657   15.4673809   0.0        0.0       0.24501923   0.3171613      0.0      1.4258538  
  9.000066    1.18    8     604.29      175.6709351   15.4671505   0.592      0.0       2.9705727    3.6247678      0.0      1.4258538  
  9.000067    0.92    1     86.64       175.6958802   15.4670362   0.0        0.0       0.92751336   1.2789106      0.0      1.4258538  
  9.000068    0.86    7     155.82      175.6960032   15.4658936   0.0        0.86784   1.7131689    2.199481       0.0      1.4258538  
  9.000069    0.16    9     1346.5      175.6954299   15.4667614   7.3879     7.5426    13.210529    16.19721       25.687   1.4259     
  9.000070    0.99    9     1109.2      175.6955453   15.4662383   0.0        0.0       3.159077     4.4705424      25.687   1.4259     
  9.000071    0.87    8     82.26       175.6688963   15.467029    0.0        0.0       0.2567794    0.0183857      0.0      1.4258538  
  9.000072    1.09    1     8.37        175.6767108   15.4669615   0.0        0.0       0.36559495   0.6450007      0.0      1.4258538  
  9.000073    0.88    8     117.31      175.6685043   15.4669271   0.0        0.0       0.33453393   0.056488518    0.0      1.4258538  
  9.000074    0.9     8     200.23      175.668385    15.4667739   0.0        0.0       0.5731129    0.25139704     0.0      1.4258538  
  9.000075    0.87    8     218.14      175.6822023   15.4669297   0.0        0.0       0.43986577   0.056702234    0.0      1.4258538  
  9.000076    0.89    8     155.29      175.6974915   15.4668157   0.0        0.0       1.2245039    1.5607027      0.0      1.4258538  
  9.000077    0.1     8     100.26      175.7074483   15.4667626   1.7187     2.1186    2.9829104    3.2879121      0.0      1.4258538  
  9.000078    0.7     1     208.63      175.6772125   15.4667056   1.6112     3.4223    3.9391289    4.75423        0.0      1.4258538  
  9.000079    1.12    1     6.84        175.6787968   15.4668643   0.0        0.0       0.33741173   0.61767524     0.0      1.4258538  
  9.000080    0.09    1     137.92      175.6718298   15.4664639   1.5593     2.6975    3.4670508    3.631451       0.0      1.4258538  
  9.000081    1.06    8     750.93      175.6702657   15.4665155   0.63779    0.0       2.3052616    2.4626358      0.0      1.4258538  
  9.000082    0.81    7     39.08       175.6724553   15.466503    0.40242    1.1841    1.9091506    2.5770342      0.0      1.4258538  
  9.000083    1.05    2     15.22       175.6762207   15.4665244   0.0        0.0       0.5875437    1.0570127      0.0      1.4258538  
  9.000084    1.1     2     52.1        175.6920233   15.4664407   0.0        0.0       0.84871167   1.6609639      0.0      1.4258538  
  9.000085    1.05    8     522.79      175.6683823   15.466149    0.0        0.0       1.7482365    1.8101734      0.0      1.4258538  
  9.000086    0.83    1     1289.2      175.6694038   15.4660762   1.1021     1.2823    2.5640128    1.817859       0.0      1.4258538  
  9.000087    0.99    8     29.34       175.6777612   15.4662441   0.0        0.0       0.34235775   0.30608368     0.0      1.4258538  
  9.000088    0.75    8     28.47       175.6966744   15.4661566   0.21423    0.0       0.3039486    0.24154618     0.0      1.4258538  
  9.000089    0.95    1     215.84      175.6978571   15.4660202   0.20652    0.0       2.2253597    3.40377        0.0      1.4258538  
  9.000090    0.74    1     41.79       175.7048794   15.465921    0.44854    1.3419    3.0149505    4.4320045      0.0      1.4258538  
  9.000091    0.89    8     106.6       175.6761036   15.4659177   0.0        0.0       0.91050047   1.1348022      0.0      1.4258538  
  9.000092    0.8     7     62.65       175.6991371   15.466047    2.5312     6.5013    10.68268     15.275668      32.556   1.4259     
  9.000093    1.05    3     69.96       175.6751699   15.4660292   0.31957    0.0       0.84636986   0.9334266      0.0      1.4258538  
  9.000094    0.49    8     76.12       175.706575    15.4657332   0.43323    0.0       0.7699813    1.260086       0.0      1.4258538  
  9.000095    0.93    1     212.18      175.6833769   15.4655326   0.2582     0.0       1.9762423    2.8615425      0.0      1.4258538  
  9.000096    0.9     1     32.82       175.6685444   15.4656024   0.0        0.0       0.5373784    0.7141019      0.0      1.4258538  
  9.000097    0.13    8     3624.8      175.6938604   15.4652291   11.872     9.4068    17.514599    20.220886      9.462    1.4259     
  9.000098    0.94    8     521.96      175.6932804   15.4647493   0.0        1.2464    2.051919     2.3090863      0.0      1.4258538  
  9.000099    0.26    8     9.32        175.6986553   15.465521    0.25813    0.21938   0.38554952   0.44849765     0.0      1.4258538  
  9.000100    1.01    8     79.02       175.7061037   15.4654382   0.0        0.0       0.57985604   0.5463113      0.0      1.4258538  
  9.000101    1.06    1     5.5         175.6982845   15.4654354   0.0        0.0       0.29061645   0.4992524      0.0      1.4258538  
  9.000102    0.51    8     12.9        175.7012077   15.4654477   0.19304    0.0       0.21865538   0.23476869     0.0      1.4258538  
  9.000103    1.12    7     104.99      175.7026883   15.4649909   0.59786    0.80857   3.4853003    5.1760707      9.9364   1.4259     
  9.000104    0.1     8     3.55        175.7087473   15.4651148   0.45713    0.67372   0.7809086    0.90782094     0.0      1.4258538  
  9.000105    0.96    8     37.67       175.6685664   15.4650929   0.0        0.0       0.34891543   0.26331776     0.0      1.4258538  
  9.000106    1.08    8     86.78       175.6968372   15.4648038   0.22607    0.77161   1.8431479    2.3366852      0.0      1.4258538  
  9.000107    0.92    8     191.16      175.6687064   15.4647841   0.0        0.72624   1.1725198    1.1219156      0.0      1.4258538  
  9.000108    0.74    1     41.3        175.6941454   15.464708    0.0        0.57884   0.5752812    0.8564069      0.0      1.4258538  
  9.000109    0.9     8     117.79      175.6817443   15.4644175   1.3424     3.0036    4.860044     6.0858355      0.0      1.4258538  
  9.000110    1.02    8     641.0       175.6687528   15.4640898   0.0        0.39697   2.0041037    2.0879505      0.0      1.4258538  
  9.000111    0.92    8     93.74       175.7022548   15.4642918   0.0        0.0       0.44140798   0.2413016      0.0      1.4258538  
  9.000112    0.89    1     4.38        175.7057899   15.4642943   0.0        0.0       0.18912989   0.2457198      0.0      1.4258538  
  9.000113    0.98    7     111.33      175.7034338   15.4641419   0.32092    0.0       1.2729173    2.007429       0.0      1.4258538  
  9.000114    0.84    1     36.97       175.6848796   15.4640931   0.0        0.36058   0.62523055   0.7890785      0.0      1.4258538  
  9.000115    0.12    8     257.95      175.6858983   15.4638656   2.1823     2.6206    3.104561     3.42547        0.0      1.4258538  
  9.000116    0.2     8     1403.5      175.6856507   15.4633911   12.837     18.576    24.319813    30.971355      19.82    1.4259     
  9.000117    1.03    8     22.06       175.6914919   15.4639586   0.0        0.0       0.33158904   0.33425674     0.0      1.4258538  
  9.000118    0.93    8     86.44       175.7053012   15.4638724   0.0        0.38307   0.7562061    0.6981041      0.0      1.4258538  
  9.000119    0.95    1     60.01       175.6742174   15.4636883   0.0        0.0       0.84217083   1.2399386      0.0      1.4258538  
  9.000120    0.92    7     430.97      175.6741369   15.4633765   1.7201     2.5316    5.325007     7.7739224      26.904   1.4259     
  9.000121    0.13    8     1316.7      175.7071193   15.4634248   11.569     16.561    20.451265    24.694498      14.433   1.4259     
  9.000122    0.83    8     19.29       175.6795355   15.4636857   0.0        0.36161   0.2144866    0.18287747     0.0      1.4258538  
  9.000123    0.89    8     171.57      175.692545    15.4635218   0.0        0.0       1.2896748    1.651354       0.0      1.4258538  
  9.000124    0.94    8     8.75        175.6786885   15.4635458   0.0        0.0       0.2435792    0.2799756      0.0      1.4258538  
  9.000125    1.0     2     24.17       175.69644     15.4634464   0.0        0.0       0.7289877    1.2072583      0.0      1.4258538  
  9.000126    1.22    7     76.67       175.6754399   15.4632995   0.2411     0.43279   1.3558142    2.831915       0.0      1.4258538  
  9.000127    1.33    2     21.2        175.7081111   15.463283    0.0        0.0       0.5572373    1.2765568      0.0      1.4258538  
  9.000128    0.91    8     1060.2      175.6689379   15.4631849   0.0        0.0       1.3550652    0.62834793     0.0      1.4258538  
  9.000129    1.0     8     121.7       175.6690197   15.4628475   0.0        0.0       0.7055376    0.6482764      0.0      1.4258538  
  9.000130    1.04    8     77.91       175.6928247   15.4637957   0.33037    0.43877   1.4965119    1.7217107      0.0      1.4258538  
  9.000131    0.73    8     21.94       175.6905259   15.4631631   0.19641    0.0       0.27938312   0.23295937     0.0      1.4258538  
  9.000132    0.93    1     7.43        175.6712065   15.4631377   0.0        0.0       0.28134564   0.3975577      0.0      1.4258538  
  9.000133    1.27    5     505.53      175.6885932   15.4628257   0.61049    0.66277   5.482772     11.135769      51.608   1.4259     
  9.000134    0.97    8     160.96      175.7017746   15.4630027   0.0        0.0       0.7536335    0.6058989      0.0      1.4258538  
  9.000135    0.96    8     54.83       175.698525    15.4630131   0.0        0.0       0.41767663   0.31180292     0.0      1.4258538  
  9.000136    1.09    0     375.33      175.6740272   15.462791    0.0        0.0       2.9260395    5.1970897      26.904   1.4259     
  9.000137    1.0     4     86.81       175.7012705   15.4628875   0.34082    0.0       0.8649683    0.8663237      0.0      1.4258538  
  9.000138    1.05    1     10.34       175.6933877   15.4628812   0.0        0.0       0.39613223   0.67589647     0.0      1.4258538  
  9.000139    1.07    8     117.36      175.7031215   15.4627538   0.50503    0.84062   3.128385     4.345905       8.6518   1.4259     
  9.000140    0.99    8     111.88      175.700929    15.4627991   0.0        0.0       0.6588707    0.57237434     0.0      1.4258538  
  9.000141    1.09    8     71.32       175.6865079   15.4627443   0.30186    0.0       1.0965797    1.5452551      0.0      1.4258538  
  9.000142    0.98    8     14.75       175.7061587   15.4627278   0.0        0.0       0.2378374    0.2044938      0.0      1.4258538  
  9.000143    0.2     1     46.87       175.7074915   15.4624887   2.9295     4.5629    7.0488815    9.000781       0.0      1.4258538  
  9.000144    1.0     8     31.87       175.6784752   15.4630699   0.0        0.0       0.3614433    0.3331196      0.0      1.4258538  
  9.000145    0.97    8     26.46       175.7041023   15.462678    0.0        0.0       0.30636573   0.2472636      0.0      1.4258538  
  9.000146    0.91    8     39.98       175.6690603   15.4625251   0.0        0.32285   0.50484747   0.45302293     0.0      1.4258538  
  9.000147    1.02    8     47.71       175.6691592   15.4622609   0.088219   0.0       0.51860917   0.5106463      0.0      1.4258538  
  9.000148    1.0     3     60.29       175.6692778   15.4620951   0.088219   0.0       0.5478229    0.51556116     0.0      1.4258538  
  9.000149    1.04    8     23.49       175.7037087   15.4625235   0.0        0.0       0.35328093   0.36539295     0.0      1.4258538  
  9.000150    1.19    8     485.45      175.6767744   15.4623825   0.98474    0.0       2.7789464    3.6894379      0.0      1.4258538  
  9.000151    0.89    1     106.42      175.6871243   15.4623483   1.1494     4.4598    10.453945    16.414974      37.355   1.4259     
  9.000152    0.92    8     4287.4      175.693139    15.4622682   0.0        5.9709    9.152088     11.511189      44.157   1.4259     
  9.000153    0.92    1     11610.0     175.692488    15.4619046   0.0        0.0       11.162467    14.55862       44.157   1.4259     
  9.000154    0.95    8     20.86       175.682062    15.4624831   0.0        0.0       0.25139704   0.18141793     0.0      1.4258538  
  9.000155    1.24    9     691.82      175.7045997   15.4619399   1.2898     1.2334    5.763419     9.365268       35.296   1.4259     
  9.000156    0.47    3     236.06      175.7049224   15.4614565   1.1191     0.82627   2.7600706    4.111499       0.0      1.4258538  
  9.000157    1.07    3     55.37       175.6902217   15.462034    0.27192    0.0       0.7612375    0.86035997     0.0      1.4258538  
  9.000158    1.27    8     76.6        175.6998459   15.46175     1.4299     3.0075    6.791414     9.238473       24.326   1.4259     
  9.000159    0.89    8     225.53      175.7030368   15.4620116   0.0        0.0       1.3061714    1.596615       0.0      1.4258538  
  9.000160    1.04    8     25.44       175.6945378   15.4619543   0.0        0.0       0.38226116   0.40820676     0.0      1.4258538  
  9.000161    0.99    8     10.53       175.6967169   15.4619762   0.0        0.0       0.26090366   0.29322445     0.0      1.4258538  
  9.000162    0.86    8     73676.0     175.7094644   15.4613405   16.74      0.0       10.677761    13.769564      72.239   1.4259     
  9.000163    0.86    9     459.06      175.7027312   15.4614069   3.582      8.6513    16.701681    25.3957        55.861   1.4259     
  9.000164    1.03    8     14.87       175.7039293   15.4616894   0.0        0.0       0.30121747   0.33000475     0.0      1.4258538  
  9.000165    1.02    8     394.55      175.6692778   15.4613401   0.0        0.0       1.3341362    1.2914577      0.0      1.4258538  
  9.000166    1.0     8     205.18      175.6694417   15.4611105   0.0        0.0       0.9119272    0.8285528      0.0      1.4258538  
  9.000167    1.0     8     270.54      175.6694044   15.4609359   0.0        0.0       1.0561368    0.9806639      0.0      1.4258538  
  9.000168    0.97    3     409.46      175.6698137   15.4612647   0.22037    0.0       1.3970122    1.1846776      0.0      1.4258538  
  9.000169    1.01    3     8.5846E7    175.6796899   15.4598415   698.43     1075.5    2674.978     3126.945       1163.7   1.4259     
  9.000170    1.04    8     10.73       175.6897501   15.4611139   0.32279    0.57185   1.2090387    1.5436903      0.0      1.4258538  
  9.000171    0.62    8     356.31      175.6735496   15.4611033   0.84       1.6407    1.0858259    0.99586433     0.0      1.4258538  
  9.000172    0.9     1     10.24       175.6801062   15.4611554   0.0        0.0       0.29969546   0.39788738     0.0      1.4258538  
  9.000173    0.61    1     292.5       175.69547     15.46089     1.1638     2.3784    2.0278704    2.1482272      0.0      1.4258538  
  9.000174    0.87    8     20.07       175.6951436   15.4612022   0.0        0.3774    0.3758722    0.41763818     0.0      1.4258538  
  9.000175    0.95    2     38.36       175.6858955   15.4610333   0.20696    0.0       0.45553336   0.42010725     0.0      1.4258538  
  9.000176    0.73    8     155.26      175.7043792   15.4608544   0.58819    0.0       0.92708635   0.84255874     0.0      1.4258538  
  9.000177    1.1     8     86958.0     175.67679     15.460618    4.0484     4.6111    37.119335    43.643562      22.7     1.4259     
  9.000178    0.9     1     107.2       175.6835934   15.4607553   0.0        0.28223   1.7232972    2.514202       0.0      1.4258538  
  9.000179    1.08    8     133.15      175.6864878   15.4605934   2.0178     3.5078    6.4494133    8.643312       15.4     1.4259     
  9.000180    1.26    8     56.55       175.6894522   15.4606841   0.37939    0.0       0.7004872    1.41397        0.0      1.4258538  
  9.000181    1.04    8     34.1        175.7054878   15.4605937   0.0        0.0       0.45048484   0.48829263     0.0      1.4258538  
  9.000182    1.25    1     58.1        175.7069068   15.4603687   0.0        0.0       1.0553589    2.2646453      0.0      1.4258538  
  9.000183    0.5     8     85.72       175.697799    15.4603511   0.50137    0.0       0.6072397    0.69246876     0.0      1.4258538  
  9.000184    0.99    8     118.67      175.6694948   15.4602823   0.0        0.0       0.679955     0.59292555     0.0      1.4258538  
  9.000185    0.99    4     71.87       175.6744978   15.4602389   0.38905    0.0       0.7913346    0.8476961      0.0      1.4258538  
  9.000186    0.74    8     115.32      175.6929543   15.4601757   0.43559    0.0       0.6061222    0.48177046     0.0      1.4258538  
  9.000187    1.02    4     256.29      175.6847015   15.4598031   0.8281     2.3592    9.440613     16.005903      44.117   1.4259     
  9.000188    1.04    0     32.07       175.6837049   15.459936    0.0        0.0       0.610155     1.145197       0.0      1.4258538  
  9.000189    0.88    8     110.76      175.7060348   15.4598639   0.0        1.0858    1.1317751    1.2573037      0.0      1.4258538  
  9.000190    1.05    3     90271.0     175.6976651   15.4593014   11.268     5.178     37.41797     41.94114       24.903   1.4259     
  9.000191    0.9     2     1057.9      175.6697086   15.4597377   0.5665     0.47072   2.1537743    1.5417011      0.0      1.4258538  
  9.000192    0.95    4     424.01      175.6696495   15.4594853   0.5665     0.0       1.4650086    1.2861161      0.0      1.4258538  
  9.000193    0.87    1     32.18       175.6838784   15.4597642   0.0        0.0       0.3593852    0.57321846     0.0      1.4258538  
  9.000194    0.22    8     29.16       175.6866993   15.459594    0.39726    0.40057   0.5388156    0.5501995      0.0      1.4258538  
  9.000195    0.82    7     69.72       175.7075747   15.459524    0.63136    1.5194    2.7456186    3.6657276      0.0      1.4258538  
  9.000196    0.9     1     14.66       175.67272     15.4595742   0.0        0.0       0.35130164   0.4605536      0.0      1.4258538  
  9.000197    0.9     8     56.88       175.6752457   15.4594186   0.0        0.0       0.64203715   0.76453996     0.0      1.4258538  
  9.000198    0.42    8     155.46      175.7097446   15.4593086   1.0117     0.76849   0.98955554   1.3891853      0.0      1.4258538  
  9.000199    1.02    4     472.95      175.6846729   15.4590125   0.67223    2.078     9.034002     15.100809      49.397   1.4259     
  9.000200    0.93    8     47.65       175.6987689   15.4592797   0.0        0.0       0.3405024    0.21041669     0.0      1.4258538  
  9.000201    0.73    3     3261.6      175.6755476   15.4587031   13.547     24.54     42.38383     58.67866       76.681   1.4259     
  9.000202    1.12    9     325.6       175.6971601   15.4590723   0.0        0.0       1.6477078    2.900282       24.903   1.4259     
  9.000203    0.21    8     59726.0     175.7059075   15.4589197   32.638     31.143    39.865776    48.578064      0.0      1.4258538  
  9.000204    0.2     8     12195.0     175.7059401   15.4583134   106.76     130.03    177.89355    226.36028      176.1    1.4259     
  9.000205    0.61    8     163.11      175.6697141   15.4590037   0.68265    0.0       1.09931      1.1778234      0.0      1.4258538  
  9.000206    1.05    7     16.53       175.6896056   15.4588055   0.8356     1.6117    3.787566     5.597063       12.779   1.4259     
  9.000207    1.38    1     31.44       175.6810988   15.4589155   0.0        0.32036   0.61342317   1.5066077      0.0      1.4258538  
  9.000208    0.99    1     55.16       175.6939515   15.4588611   0.0        0.0       1.113782     1.8220496      0.0      1.4258538  
  9.000209    1.04    2     54.25       175.6875938   15.458824    0.0        0.0       1.1550484    2.0181813      0.0      1.4258538  
  9.000210    0.5     8     42.9        175.6889352   15.4588998   0.302      0.0       0.51059926   0.86401284     0.0      1.4258538  
  9.000211    0.62    8     130.57      175.7099669   15.458854    0.49019    0.43664   0.26334202   0.24515466     0.0      1.4258538  
  9.000212    0.87    2     91.4        175.6855106   15.4587592   0.191      0.48524   1.9191998    3.1762903      0.0      1.4258538  
  9.000213    1.02    3     57.39       175.7018092   15.4586614   0.24854    0.0       0.72657454   0.76018655     0.0      1.4258538  
  9.000214    0.87    8     694.99      175.7071915   15.4585452   0.0        0.55035   2.603276     3.1944802      0.0      1.4258538  
  9.000215    1.26    7     284.4       175.6920876   15.4584049   1.8764     2.434     8.1869135    13.525714      44.48    1.4259     
  9.000216    0.52    9     516.23      175.7005546   15.4610788   1.5705     0.44488   2.668334     3.306132       0.0      1.4258538  
  9.000217    1.21    8     86.64       175.685826    15.4585013   0.42627    0.0       0.76778597   1.3502065      0.0      1.4258538  
  9.000218    1.09    9     288.48      175.6987164   15.4584414   1.0913     0.0       1.5301013    1.89008        0.0      1.4258538  
  9.000219    1.02    4     97.9        175.6980273   15.4583947   0.0        0.47119   2.3366852    3.9682608      17.56    1.4259     
  9.000220    0.95    8     265.94      175.6698533   15.4583998   0.0        0.0       0.9145347    0.677205       0.0      1.4258538  
  9.000221    0.97    8     12.95       175.6809719   15.4583792   0.0        0.0       0.29241535   0.33186403     0.0      1.4258538  
  9.000222    1.07    3     48.53       175.6828467   15.4583591   0.21145    0.0       0.5981363    0.66227776     0.0      1.4258538  
  9.000223    1.03    9     30.98       175.6871786   15.458207    0.28184    0.92164   2.2300787    3.337338       7.6021   1.4259     
  9.000224    0.39    8     5.3         175.7026134   15.4582929   0.38969    0.34693   0.53841877   0.77646196     0.0      1.4258538  
  9.000225    1.01    2     21.02       175.6944979   15.4582441   0.0        0.0       0.55055434   0.9032338      0.0      1.4258538  
  9.000226    1.1     8     248030.0    175.6905454   15.4578875   5.8447     10.164    63.991196    75.599724      44.437   1.4259     
  9.000227    1.15    8     192.65      175.6972263   15.4580801   0.65808    0.0       1.3713875    1.8375543      0.0      1.4258538  
  9.000228    0.91    1     100.46      175.7001018   15.4581066   0.0        0.0       1.2033728    1.6834499      0.0      1.4258538  
  9.000229    1.03    8     34.9        175.7083843   15.4581414   0.0        0.0       0.41335213   0.41369492     0.0      1.4258538  
  9.000230    1.01    3     128.81      175.6743833   15.4579277   0.77482    0.60367   1.8968813    2.358089       0.0      1.4258538  
  9.000231    1.05    4     100.95      175.6826818   15.4577992   0.41891    0.87862   4.750291     8.319941       23.961   1.4259     
  9.000232    0.85    8     40.84       175.6950799   15.4579806   0.0        0.37622   0.29807132   0.18286061     0.0      1.4258538  
  9.000233    1.02    8     49.97       175.6754373   15.4578855   0.0        0.0       0.47376195   0.45767814     0.0      1.4258538  
  9.000234    0.97    8     38.4        175.671716    15.4577895   0.0        0.0       0.36388168   0.28763396     0.0      1.4258538  
  9.000235    0.9     8     710.71      175.6699712   15.4576403   0.0        0.0       1.0952675    0.49490312     0.0      1.4258538  
  9.000236    0.92    8     512.77      175.67005     15.4573526   0.0        0.0       1.0474184    0.5862464      0.0      1.4258538  
  9.000237    0.93    1     33.83       175.6916436   15.4573785   0.0        0.0       0.7889331    1.1860969      0.0      1.4258538  
  9.000238    1.25    0     22.77       175.6971033   15.4572542   0.0        0.45344   2.327878     4.768263       12.434   1.4259     
  9.000239    1.06    3     60.81       175.6990877   15.4571992   0.0        0.8625    1.9319692    3.4520748      13.373   1.4259     
  9.000240    0.89    8     66.9        175.705829    15.4572485   0.0        0.0       0.712722     0.8732934      0.0      1.4258538  
  9.000241    1.02    2     9.31        175.6996354   15.4572355   0.0        0.0       0.36972615   0.6125763      0.0      1.4258538  
  9.000242    0.97    8     37.62       175.7088208   15.4572404   0.0        0.0       0.36958998   0.3036688      0.0      1.4258538  
  9.000243    1.08    4     2341.9      175.6910349   15.4569074   1.0397     2.7879    15.742736    27.059526      104.19   1.4259     
  9.000244    1.13    9     3609.0      175.6916214   15.4567675   0.5821     1.2612    6.99198      12.43484       104.19   1.4259     
  9.000245    0.16    8     38.29       175.7036445   15.457159    0.6924     0.65283   0.8924835    0.9839209      0.0      1.4258538  
  9.000246    0.95    1     62.38       175.7060919   15.4570855   0.0        0.0       0.87683964   1.3119588      0.0      1.4258538  
  9.000247    0.98    8     64.05       175.6701872   15.4570983   0.0        0.31681   0.7100357    0.78371865     0.0      1.4258538  
  9.000248    1.14    8     123.71      175.679663    15.4569954   0.5653     0.42376   1.7456621    2.1492167      0.0      1.4258538  
  9.000249    1.02    2     29.82       175.6827414   15.4570416   0.0        0.0       0.66099805   1.0940576      0.0      1.4258538  
  9.000250    0.92    1     22.49       175.6868765   15.4570712   0.0        0.0       0.46915913   0.6439323      0.0      1.4258538  
  9.000251    1.24    1     2.84        175.6782212   15.4570718   0.0        0.0       0.21911907   0.4546531      0.0      1.4258538  
  9.000252    1.07    8     154.79      175.7013227   15.4568172   0.57369    0.97194   2.7042086    3.2050898      12.597   1.4259     
  9.000253    1.13    3     180.18      175.6950009   15.4568249   0.43347    2.3957    9.848276     18.693052      64.478   1.4259     
  9.000254    0.52    8     22.05       175.7030028   15.4569758   0.24808    0.0       0.3268889    0.3694198      0.0      1.4258538  
  9.000255    0.76    1     8.37        175.6864733   15.4569553   0.0        0.24754   0.31034172   0.4387329      0.0      1.4258538  
  9.000256    0.14    2     31.27       175.6801315   15.4568198   0.60134    1.3232    1.4754354    1.7051406      0.0      1.4258538  
  9.000257    1.09    8     37.77       175.6857261   15.4568411   0.17447    0.0       0.71607774   1.0237648      0.0      1.4258538  
  9.000258    0.91    1     27.81       175.6884531   15.4568076   0.0        0.0       0.658628     0.9407629      0.0      1.4258538  
  9.000259    1.1     4     103.82      175.6731683   15.4565644   0.29295    1.1491    4.569621     8.114844       31.311   1.4259     
  9.000260    0.46    8     63.84       175.707514    15.4566125   0.42205    0.0       0.30132848   0.6366785      0.0      1.4258538  
  9.000261    1.22    0     51.57       175.7010268   15.456506    0.0        0.0       1.1210892    2.2210596      12.597   1.4259     
  9.000262    1.02    1     239.96      175.6798197   15.4563178   0.64798    1.7972    7.127877     11.528165      36.712   1.4259     
  9.000263    0.95    2     47.19       175.7102032   15.4564474   0.29201    0.0       0.5852214    0.57894886     0.0      1.4258538  
  9.000264    0.97    1     23.08       175.6882401   15.4564209   0.0        0.0       0.5522811    0.8571172      0.0      1.4258538  
  9.000265    0.98    8     341.93      175.6702699   15.4563853   0.0        0.0       1.1351157    0.96108145     0.0      1.4258538  
  9.000266    1.03    7     143.49      175.6809004   15.4562965   0.40667    0.0       1.632451     2.5209265      0.0      1.4258538  
  9.000267    0.95    8     42.83       175.6766662   15.4563681   0.0        0.0       0.35376933   0.24895461     0.0      1.4258538  
  9.000268    0.72    8     1056.7      175.6887517   15.4563718   1.3242     0.0       0.25545838   0.40839478     0.0      1.4258538  
  9.000269    0.14    8     22.48       175.7004554   15.4563324   0.3958     0.3954    0.62459743   0.59962565     0.0      1.4258538  
  9.000270    0.45    8     369.42      175.6884823   15.45625     1.3242     1.196     1.3611945    1.7141159      0.0      1.4258538  
  9.000271    1.05    3     20.21       175.6844265   15.4561603   0.20006    1.1841    4.2985325    7.6179867      21.496   1.4259     
  9.000272    1.03    8     9.45        175.7074549   15.4562848   0.0        0.0       0.2170502    0.2187964      0.0      1.4258538  
  9.000273    0.77    1     19.44       175.6867479   15.4562196   0.21482    0.49536   0.53673536   0.4998966      0.0      1.4258538  
  9.000274    1.0     2     17.4        175.6930748   15.4562234   0.0        0.0       0.493583     0.7992455      0.0      1.4258538  
  9.000275    1.04    8     16.31       175.6717648   15.456183    0.0        0.0       0.30058008   0.3162279      0.0      1.4258538  
  9.000276    1.48    1     9.96        175.6728442   15.4560306   0.0        0.0       0.31768754   0.8736957      0.0      1.4258538  
  9.000277    0.9     1     16.06       175.6702829   15.4559825   0.0        0.0       0.38064504   0.5096596      0.0      1.4258538  
  9.000278    1.07    4     137.77      175.6876377   15.4558696   0.15541    0.5709    3.3719428    5.7687297      23.955   1.4259     
  9.000279    1.12    0     2147.9      175.6888419   15.4556539   1.2973     1.4496    15.240535    27.481485      74.488   1.4259     
  9.000280    0.11    3     30.99       175.6809208   15.4558008   0.64947    0.94458   1.7456621    1.91003        0.0      1.4258538  
  9.000281    0.93    1     4.66        175.6776683   15.4559421   0.0        0.0       0.2239547    0.31774607     0.0      1.4258538  
  9.000282    0.9     1     90.8        175.7096749   15.4558244   0.17051    0.0       0.5090028    0.31692767     0.0      1.4258538  
  9.000283    1.11    0     56.44       175.6857843   15.4557199   0.0        0.95711   3.2559686    6.0267086      19.251   1.4259     
  9.000284    0.93    1     82.05       175.7014647   15.4557173   0.0        0.0       1.2080369    1.7886287      0.0      1.4258538  
  9.000285    1.03    3     43.38       175.6737872   15.4556476   0.21898    0.0       0.5498955    0.57862896     0.0      1.4258538  
  9.000286    1.11    9     1121.0      175.6820562   15.4553991   1.8564     2.9736    12.582305    19.806156      60.298   1.4259     
  9.000287    0.95    1     654.69      175.6816135   15.455081    0.0        0.36134   3.2332568    4.9317403      0.0      1.4258538  
  9.000288    1.09    1     30.09       175.6896521   15.4556576   0.0        0.0       0.695601     1.2328782      0.0      1.4258538  
  9.000289    1.0     1     43.93       175.6987919   15.4556591   0.0        0.0       0.7788973    1.2485335      0.0      1.4258538  
  9.000290    1.01    3     120.66      175.6703684   15.4555601   0.26851    0.0       0.9595778    0.9378215      0.0      1.4258538  
  9.000291    0.46    8     181.02      175.6998193   15.4556057   0.74886    0.0       0.66982317   1.122329       0.0      1.4258538  
  9.000292    1.04    9     92.13       175.7056162   15.4555836   0.48475    0.0       0.896603     1.0767632      0.0      1.4258538  
  9.000293    0.96    1     30.72       175.7081422   15.4555322   0.0        0.0       0.6177321    0.9272571      0.0      1.4258538  
  9.000294    0.97    2     114.87      175.6922686   15.4554571   0.17817    0.79491   3.0383668    5.2148304      0.0      1.4258538  
  9.000295    0.92    8     26.8        175.7009608   15.4555608   0.0        0.0       0.2426611    0.13871396     0.0      1.4258538  
  9.000296    1.15    1     2.5         175.6949397   15.4553773   0.0        0.0       0.20574068   0.3856916      0.0      1.4258538  
  9.000297    1.04    2     19.63       175.6848218   15.4552892   0.0        0.0       0.5419013    0.91217923     0.0      1.4258538  
  9.000298    1.09    9     4419.5      175.6865436   15.4549391   4.7198     0.75949   7.0022917    8.7910385      0.0      1.4258538  
  9.000299    0.91    8     253.2       175.6704061   15.4551081   0.0        0.0       0.7008744    0.3612769      0.0      1.4258538  
  9.000300    0.88    8     900.88      175.6705584   15.454838    0.0        0.0       0.97714764   0.21964443     0.0      1.4258538  
  9.000301    0.54    8     5.01        175.6834044   15.4551453   0.30152    0.60029   0.600344     0.8408532      0.0      1.4258538  
  9.000302    0.94    1     19.75       175.7020697   15.4551691   0.0        0.0       0.47629955   0.6926601      0.0      1.4258538  
  9.000303    1.17    8     87.57       175.6803412   15.4550754   0.38534    0.0       1.1579243    1.5219493      0.0      1.4258538  
  9.000304    0.9     1     150.77      175.694695    15.4550544   0.0        0.0       1.3623233    1.8537031      0.0      1.4258538  
  9.000305    0.85    1     75.99       175.7006629   15.4549543   0.0        0.23605   1.086026     1.4204966      0.0      1.4258538  
  9.000306    1.2     1     6.65        175.691389    15.454996    0.0        0.0       0.33850116   0.6702552      0.0      1.4258538  
  9.000307    0.49    9     58.36       175.6943595   15.4550153   0.36028    0.0       0.46076575   0.73390555     0.0      1.4258538  
  9.000308    1.07    1     19.0        175.6823919   15.4549556   0.0        0.0       0.5444527    0.94432217     0.0      1.4258538  
  9.000309    0.89    8     7.5         175.6994908   15.4549383   0.0        0.0       0.23794697   0.29058966     0.0      1.4258538  
  9.000310    0.93    3     199.43      175.6768885   15.4547896   0.42772    0.50063   1.5995587    1.5143986      0.0      1.4258538  
  9.000311    1.07    3     1600.5      175.6869131   15.4542516   0.0        1.967     12.646205    22.300789      60.678   1.4259     
  9.000312    1.02    2     11.76       175.7018464   15.4548449   0.0        0.0       0.415681     0.6892871      0.0      1.4258538  
  9.000313    0.63    6     91.88       175.7099208   15.4545716   2.0268     5.8173    9.344589     14.384017      22.845   1.4259     
  9.000314    1.21    8     46.3        175.6970076   15.4546101   0.25267    0.0       0.9147032    1.1912425      0.0      1.4258538  
  9.000315    1.03    1     481.12      175.689715    15.4543621   1.0438     2.3345    10.520593    17.357222      48.464   1.4259     
  9.000316    1.21    8     21.0        175.7075625   15.4546023   0.20095    0.0       0.3850527    0.5373289      0.0      1.4258538  
  9.000317    1.04    8     65.48       175.7057567   15.4544641   0.87684    1.4935    3.811713     5.499462       17.968   1.4259     
  9.000318    0.29    4     95.8        175.690612    15.4541933   1.3372     1.7197    3.3728745    4.6280727      0.0      1.4258538  
  9.000319    0.97    7     72.51       175.6991389   15.4544143   0.20677    0.0       1.1621982    1.6761782      0.0      1.4258538  
  9.000320    0.98    1     137.02      175.7048364   15.4543283   0.0        0.0       1.7554975    2.883236       0.0      1.4258538  
  9.000321    1.04    8     8.12        175.6717255   15.4544019   0.0        0.0       0.21508007   0.22887596     0.0      1.4258538  
  9.000322    1.05    2     140.33      175.6783669   15.4543033   0.16105    0.0       1.9487683    3.456529       0.0      1.4258538  
  9.000323    0.89    8     345.15      175.6706045   15.4542761   0.0        0.0       0.66209483   0.20956568     0.0      1.4258538  
  9.000324    0.5     8     475.37      175.6880724   15.4541165   1.2604     0.0       1.7084419    2.2874951      0.0      1.4258538  
  9.000325    0.89    8     411.21      175.6985375   15.454056    0.0        0.0       1.8151821    2.3285213      0.0      1.4258538  
  9.000326    0.96    7     118.64      175.6852105   15.4539641   0.25445    0.0       1.473127     2.1150477      0.0      1.4258538  
  9.000327    0.12    8     1986.5      175.7087998   15.4536241   10.807     14.097    16.6127      19.729687      0.0      1.4258538  
  9.000328    1.16    7     4058.9      175.7001679   15.453591    6.1072     5.6416    22.671497    34.712048      100.37   1.4259     
  9.000329    0.94    8     18.04       175.693195    15.4539824   0.0        0.22488   0.38459194   0.43575278     0.0      1.4258538  
  9.000330    0.79    1     39.11       175.682978    15.4538497   0.20461    0.49792   0.5583161    0.5009105      0.0      1.4258538  
  9.000331    0.87    1     86.81       175.673984    15.4537243   0.24538    1.0105    3.1529727    5.042898       0.0      1.4258538  
  9.000332    1.15    0     12080.0     175.6975652   15.4530942   4.6047     4.8426    40.99399     77.41056       149.52   1.4259     
  9.000333    1.11    2     2576.0      175.6984962   15.4528071   1.725      1.4906    9.695276     18.397558      0.0      1.4258538  
  9.000334    0.93    8     81.82       175.6706539   15.4537262   0.0        0.0       0.45511398   0.28952107     0.0      1.4258538  
  9.000335    0.81    8     48.61       175.6838147   15.4536923   0.0        0.60195   0.25977668   0.27034613     0.0      1.4258538  
  9.000336    0.93    1     126.39      175.7012242   15.4535845   0.0        0.0       1.4834749    2.181927       0.0      1.4258538  
  9.000337    1.07    4     197.5       175.6919393   15.453506    0.16669    0.0       2.4658134    4.175228       19.142   1.4259     
  9.000338    1.06    9     180.22      175.6921166   15.4531955   0.0        0.0       0.8234556    1.394698       19.142   1.4259     
  9.000339    1.03    1     894.63      175.6897277   15.4532418   1.0302     2.3014    11.668102    19.059881      55.029   1.4259     
  9.000340    1.03    4     440.11      175.6826787   15.4531073   0.6697     2.3352    10.297225    17.482367      57.969   1.4259     
  9.000341    0.96    8     260.51      175.6707891   15.4532912   0.0        0.0       0.91024894   0.67932904     0.0      1.4258538  
  9.000342    1.0     6     58.8        175.6761314   15.4531818   0.37157    0.0       0.71535265   0.776033       0.0      1.4258538  
  9.000343    0.95    1     54.26       175.6785538   15.4531938   0.0        0.0       1.0048938    1.5232114      0.0      1.4258538  
  9.000344    1.16    0     116.21      175.6940916   15.4531204   0.2077     0.0       2.291924     4.276812       16.488   1.4259     
  9.000345    0.97    2     311.52      175.6993942   15.45311     0.0        0.44842   3.4157038    5.6927247      0.0      1.4258538  
  9.000346    0.85    1     190.01      175.6726885   15.4531583   0.29515    0.0       0.5522811    0.24553883     0.0      1.4258538  
  9.000347    1.13    2     366.39      175.7090482   15.4529855   0.0        0.0       2.8436766    5.489341       0.0      1.4258538  
  9.000348    0.94    1     20.75       175.7083971   15.4530202   0.0        0.0       0.48707986   0.70696867     0.0      1.4258538  
  9.000349    0.92    8     21.74       175.670804    15.4529628   0.0        0.0       0.21208999   0.11551548     0.0      1.4258538  
  9.000350    0.21    8     5816.3      175.6868696   15.4528379   5.505      3.1957    6.68098      6.412689       0.0      1.4258538  
  9.000351    0.93    1     124.04      175.6885522   15.4528149   0.20058    0.82149   3.21307      5.287863       0.0      1.4258538  
  9.000352    1.04    8     13.7        175.6905332   15.4528608   0.0        0.0       0.28056931   0.29964027     0.0      1.4258538  
  9.000353    0.17    5     1301.2      175.6994249   15.4525598   4.8111     4.2883    10.110211    12.273268      0.0      1.4258538  
  9.000354    1.03    1     671.14      175.6840502   15.4524483   0.81718    2.4466    11.092775    18.309656      54.724   1.4259     
  9.000355    1.01    8     416.33      175.6843176   15.451897    0.0        0.0       1.6224084    1.8053449      0.0      1.4258538  
  9.000356    1.05    8     44.93       175.6715712   15.4527017   0.13197    0.0       0.5434507    0.5640014      0.0      1.4258538  
  9.000357    1.01    8     46.98       175.6898932   15.4526495   0.0        0.0       0.44557434   0.41848528     0.0      1.4258538  
  9.000358    0.98    8     79.62       175.6710594   15.4525899   0.0        0.0       0.5486308    0.46575785     0.0      1.4258538  
  9.000359    0.09    8     65.72       175.70881     15.4522316   3.2976     0.0       5.030373     5.833916       0.0      1.4258538  
  9.000360    1.12    5     248.61      175.7096735   15.4521665   0.95491    0.0       11.216057    20.342306      72.635   1.4259     
  9.000361    0.85    1     96.15       175.7092286   15.452068    0.0        0.0       1.3451174    1.9978375      0.0      1.4258538  
  9.000362    0.94    2     50.91       175.6846783   15.4524111   0.0        0.41748   1.6672479    2.7547374      0.0      1.4258538  
  9.000363    0.97    8     1119.5      175.6859526   15.4522063   1.2372     2.8769    6.2956443    7.166716       0.0      1.4258538  
  9.000364    1.14    8     871.82      175.693984    15.4523094   1.5207     0.0       2.9842844    3.8865137      0.0      1.4258538  
  9.000365    1.04    8     30.66       175.6922587   15.4523795   0.0        0.0       0.40723038   0.42422882     0.0      1.4258538  
  9.000366    1.02    8     1534.3      175.6709885   15.4521337   0.0        0.0       2.6116815    2.5109622      0.0      1.4258538  
  9.000367    0.48    8     190.71      175.6825726   15.4522378   0.82058    0.0       1.0529317    1.3488392      0.0      1.4258538  
  9.000368    1.22    8     171.38      175.68304     15.4519143   0.72544    0.26534   2.0327322    3.3750498      14.728   1.4259     
  9.000369    0.96    8     557.29      175.6834149   15.4516944   0.0        0.0       1.9707893    2.493677       14.728   1.4259     
  9.000370    1.11    4     1196.4      175.6805128   15.4513982   1.1529     2.1926    13.529452    23.944193      80.955   1.4259     
  9.000371    0.78    8     1188.1      175.6919016   15.4519208   0.78567    1.1355    1.3399241    1.6556182      12.955   1.4259     
  9.000372    0.92    8     219.88      175.692227    15.4518392   1.0506     3.4693    5.249044     6.477392       12.955   1.4259     
  9.000373    0.96    8     88.67       175.7002229   15.4520484   1.3015     2.4745    4.411235     5.5187435      15.958   1.4259     
  9.000374    0.96    1     258.03      175.7037954   15.4518095   0.26656    0.0       2.4975846    3.9094908      0.0      1.4258538  
  9.000375    1.18    2     186.43      175.7103014   15.4517779   0.29607    0.0       1.5796475    3.2879121      0.0      1.4258538  
  9.000376    1.03    2     44.83       175.6779418   15.4517054   0.0        0.0       1.0038763    1.7678287      0.0      1.4258538  
  9.000377    0.99    8     19.36       175.6966579   15.451751    0.0        0.0       0.3540627    0.39821735     0.0      1.4258538  
  9.000378    0.96    1     160.86      175.6850637   15.4515557   0.35968    1.283     4.459439     6.790163       20.906   1.4259     
  9.000379    1.09    9     303.53      175.6854317   15.4514731   0.25913    0.0       1.4697388    2.1189475      20.906   1.4259     
  9.000380    0.83    2     62.17       175.7060984   15.4516527   0.33997    0.50387   0.8978425    0.8711244      0.0      1.4258538  
  9.000381    1.06    3     38.13       175.7109428   15.4516306   0.2383     0.0       0.6244249    0.6970119      0.0      1.4258538  
  9.000382    1.01    5     503.64      175.6782967   15.4522173   1.4847     0.55101   2.985109     3.515606       0.0      1.4258538  
  9.000383    1.05    3     123.24      175.6796478   15.4515059   0.77453    0.3782    1.7098587    2.0783572      0.0      1.4258538  
  9.000384    1.16    9     2356.4      175.6807911   15.45196     0.94903    1.1732    5.7974925    9.431053       80.955   1.4259     
  9.000385    0.95    2     19.27       175.7044033   15.4514064   0.0        0.27833   1.0065612    1.6709374      0.0      1.4258538  
  9.000386    1.05    4     291.64      175.6940544   15.4513041   0.62523    1.9947    9.480696     16.49378       48.349   1.4259     
  9.000387    1.13    1     88.33       175.6895906   15.4513457   0.0        0.66988   1.839417     3.5816257      0.0      1.4258538  
  9.000388    1.02    9     125.21      175.6744211   15.4512755   0.57412    0.0       0.99954003   1.2028188      0.0      1.4258538  
  9.000389    1.03    2     74.8        175.6970823   15.4512327   0.0        0.0       1.3454891    2.3152623      0.0      1.4258538  
  9.000390    0.28    1     6.18        175.6891189   15.4518191   0.39708    0.62396   0.982472     1.3303325      0.0      1.4258538  
  9.000391    1.09    8     59.17       175.6862356   15.4511623   0.25652    0.0       1.0720133    1.5240535      0.0      1.4258538  
  9.000392    1.07    6     254.84      175.6711582   15.4511792   0.0        0.0       0.7937435    1.0240477      35.095   1.4259     
  9.000393    0.95    8     9.95        175.6959782   15.4512272   0.13771    0.0       0.23705012   0.24268346     0.0      1.4258538  
  9.000394    1.17    8     22.84       175.6978321   15.4511204   0.17072    0.0       0.54210097   0.8059724      0.0      1.4258538  
  9.000395    0.84    8     3.292E9     175.7008356   15.4511304   0.0        3619.4    0.43893498   0.66889846     0.0      1.4258538  
  9.000396    0.99    0     69.61       175.7104218   15.4509743   0.0        0.67708   1.6155492    2.9708464      0.0      1.4258538  
  9.000397    1.08    4     405.65      175.6851251   15.4506913   0.79543    1.833     9.379943     16.44524       54.876   1.4259     
  9.000398    1.38    3     134.97      175.7097228   15.450874    0.0        0.0       1.5247554    3.615765       22.037   1.4259     
  9.000399    0.97    1     109.25      175.7024091   15.4508202   0.27629    0.0       1.523913     2.4902341      0.0      1.4258538  
  9.000400    1.01    3     923.53      175.677194    15.4507393   0.99312    0.0       2.7948608    2.770513       0.0      1.4258538  
  9.000401    1.08    1     12.66       175.6832875   15.4508609   0.0        0.0       0.44849765   0.78762627     0.0      1.4258538  
  9.000402    1.07    5     126.9       175.6711885   15.4508338   0.0        0.0       0.6580216    0.7304663      35.095   1.4259     
  9.000403    1.0     8     63.5        175.6713173   15.4506603   0.0        0.0       0.50769186   0.4620832      0.0      1.4258538  
  9.000404    1.01    2     68.79       175.6881973   15.4507742   0.0        0.0       1.2646204    2.1226587      0.0      1.4258538  
  9.000405    0.13    1     101.1       175.7086579   15.4507476   0.68077    1.1279    1.3120795    1.2444005      0.0      1.4258538  
  9.000406    0.89    8     6.12        175.7049638   15.4507542   0.0        0.0       0.22015075   0.2790488      0.0      1.4258538  
  9.000407    0.23    2     78.1        175.6734044   15.4505868   1.8522     3.6637    5.6311903    7.3756485      0.0      1.4258538  
  9.000408    1.04    7     4047.4      175.6824532   15.4503546   2.2387     5.2341    18.492695    25.898834      58.473   1.4259     
  9.000409    0.54    8     98.3        175.6818206   15.4502914   0.63856    0.43327   0.88470846   0.8450457      0.0      1.4258538  
  9.000410    0.44    8     70.88       175.6727113   15.4506203   0.56483    0.45403   0.51475453   0.6372065      0.0      1.4258538  
  9.000411    0.47    8     32.25       175.6867918   15.4507048   0.29769    0.0       0.22561096   0.36687675     0.0      1.4258538  
  9.000412    1.16    5     243.12      175.7103626   15.4504477   0.49527    0.88121   4.2422886    7.829251       33.558   1.4259     
  9.000413    0.66    8     91.77       175.6834869   15.4505689   0.44373    0.0       0.6705022    0.6491128      0.0      1.4258538  
  9.000414    0.46    8     146.57      175.6840625   15.4505242   0.66484    0.0       0.76644355   1.4797903      0.0      1.4258538  
  9.000415    0.97    1     48.83       175.696342    15.4505012   0.0        0.0       1.0127918    1.6053147      0.0      1.4258538  
  9.000416    0.51    8     177.97      175.6974245   15.4504057   0.71713    1.0459    0.6422146    0.734176       0.0      1.4258538  
  9.000417    1.0     1     272.12      175.711118    15.4502562   0.70853    2.4699    7.336353     11.344888      33.834   1.4259     
  9.000418    1.02    2     4.05        175.6808157   15.4502477   0.0        0.0       0.2436465    0.40319967     0.0      1.4258538  
  9.000419    1.07    1     6.81        175.7010976   15.4502227   0.0        0.0       0.32661805   0.5680678      0.0      1.4258538  
  9.000420    1.09    6     450.21      175.706627    15.4498238   1.3009     2.7772    11.691768    20.224611      64.643   1.4259     
  9.000421    1.02    4     4771.1      175.6872148   15.4499202   3.0127     0.0       6.6729856    7.337704       12.438   1.4259     
  9.000422    1.06    1     15.46       175.6714265   15.4500666   0.0        0.0       0.48766342   0.8383786      0.0      1.4258538  
  9.000423    1.04    5     99.92       175.6754097   15.4499052   0.37       1.9724    4.3151927    7.675739       23.856   1.4259     
  9.000424    0.9     8     113.57      175.6937641   15.4500288   0.0        0.2904    0.5942377    0.38271913     0.0      1.4258538  
  9.000425    1.13    8     381.84      175.681932    15.4496954   0.87684    0.0       2.0842998    2.677196       0.0      1.4258538  
  9.000426    1.21    8     64.66       175.67139     15.449817    0.35783    0.0       0.7074898    1.0375289      0.0      1.4258538  
  9.000427    0.43    8     103.49      175.6762607   15.4497211   0.68215    1.0729    0.9629421    1.8331592      0.0      1.4258538  
  9.000428    0.48    8     43.01       175.6714297   15.4496177   0.35783    0.0       0.39551246   0.4973707      0.0      1.4258538  
  9.000429    0.95    2     139.92      175.6715556   15.4494824   0.35783    0.0       0.8442677    0.74761873     0.0      1.4258538  
  9.000430    0.62    8     383.57      175.6911113   15.449336    2.7575     5.13      6.077433     7.841519       0.0      1.4258538  
  9.000431    1.11    2     16.88       175.6977487   15.4493327   0.0        0.0       0.63247037   1.1912425      0.0      1.4258538  
  9.000432    0.98    8     45.75       175.6931782   15.4493457   0.0        0.0       0.41867805   0.35961697     0.0      1.4258538  
  9.000433    1.2     8     2834.0      175.7085303   15.4490404   1.945      0.0       7.283837     9.092435       20.054   1.4259     
  9.000434    0.55    9     162.2       175.692794    15.4490938   0.68448    0.0       1.0922453    1.3284957      0.0      1.4258538  
  9.000435    0.32    4     16661.0     175.7016287   15.4479057   74.042     112.18    186.15736    268.3615       146.34   1.4259     
  9.000436    1.14    8     1668.7      175.6994311   15.4489307   2.1199     0.0       4.177151     5.540643       7.3486   1.4259     
  9.000437    1.03    2     311.07      175.6990204   15.4486145   0.0        0.74562   2.9417124    4.886976       14.118   1.4259     
  9.000438    0.89    8     10.92       175.7094871   15.4491487   0.0        0.0       0.29298148   0.36860412     0.0      1.4258538  
  9.000439    1.0     8     2147.5      175.6716362   15.4488541   0.0        0.0       2.960194     2.711691       0.0      1.4258538  
  9.000440    0.9     8     31.18       175.6788747   15.4490056   0.0        0.0       0.21470402   0.083722115    0.0      1.4258538  
  9.000441    1.05    0     24.89       175.707583    15.4488817   0.0        0.0       0.6479182    1.1996104      0.0      1.4258538  
  9.000442    1.25    5     335.36      175.6917601   15.4486826   0.0        0.59588   1.7005922    3.5566423      26.498   1.4259     
  9.000443    0.42    8     379.73      175.6911793   15.4486088   1.9219     0.8892    2.5913148    3.3756716      0.0      1.4258538  
  9.000444    1.44    8     47.76       175.7119906   15.4486884   0.27649    0.0       0.61235064   1.4998236      0.0      1.4258538  
  9.000445    0.93    1     66.89       175.6965229   15.448621    0.14072    0.0       1.09931      1.5827059      0.0      1.4258538  
  9.000446    0.87    8     226.05      175.6719005   15.4475795   0.0        0.0       0.4197978    0.023287356    0.0      1.4258538  
  9.000447    0.9     8     870.16      175.6718634   15.4473742   0.0        0.0       1.201158     0.5328441      0.0      1.4258538  
  9.000448    0.95    8     329.7       175.6717141   15.4483794   0.0        0.0       1.0044312    0.72979385     0.0      1.4258538  
  9.000449    0.91    8     884.24      175.6717504   15.4479116   0.0        0.0       1.837385     1.3059309      0.0      1.4258538  
  9.000450    0.96    1     28.29       175.6954005   15.4484396   0.0        0.0       0.7737492    1.2171952      0.0      1.4258538  
  9.000451    0.93    9     106.58      175.6784974   15.4481766   0.40521    1.6495    3.8061       5.4275045      11.518   1.4259     
  9.000452    0.82    8     164.48      175.6798651   15.4482373   0.44361    0.0       0.66160715   0.46076575     0.0      1.4258538  
  9.000453    0.92    2     310.38      175.6775197   15.4480087   0.38576    0.0       1.1116298    0.8186913      0.0      1.4258538  
  9.000454    0.14    8     180.52      175.6942168   15.4479542   1.4178     2.1954    2.1675055    2.3470385      0.0      1.4258538  
  9.000455    0.99    8     135.74      175.6889832   15.4478706   1.3564     2.1145    4.2953663    5.336791       6.2783   1.4259     
  9.000456    0.94    7     13.54       175.709437    15.447897    0.13982    0.0       0.2672023    0.25102684     0.0      1.4258538  
  9.000457    0.18    7     134.27      175.7043694   15.4476326   5.1234     6.4381    9.976087     12.762043      13.322   1.4259     
  9.000458    1.07    1     2.9         175.6920112   15.447602    0.0        0.0       0.21310821   0.37037373     0.0      1.4258538  
  9.000459    0.88    8     273.7       175.7124201   15.4475093   1.2823     2.8186    4.5974836    5.41552        0.0      1.4258538  
  9.000460    0.74    0     7.42        175.6808073   15.4474678   0.0        0.24683   0.22383097   0.34498498     0.0      1.4258538  
  9.000461    0.11    2     3.86        175.6813255   15.4473657   0.21825    0.29344   0.56244516   0.6018388      0.0      1.4258538  
  9.000462    0.98    1     4.47        175.6801858   15.4473489   0.0        0.0       0.24477112   0.38363674     0.0      1.4258538  
  9.000463    1.04    4     220.12      175.7003882   15.447122    0.77396    0.0       1.3944411    1.611982       0.0      1.4258538  
  9.000464    0.89    1     39.41       175.7003459   15.4467973   0.0        0.0       0.5642092    0.7307355      0.0      1.4258538  
  9.000465    0.97    8     13.13       175.6836415   15.447234    0.0        0.0       0.21173868   0.16614228     0.0      1.4258538  
  9.000466    0.89    1     5.73        175.6911183   15.4471868   0.0        0.0       0.21597336   0.2802852      0.0      1.4258538  
  9.000467    0.57    8     259.3       175.7030775   15.4476874   0.98492    0.0       0.53156966   0.6737832      0.0      1.4258538  
  9.000468    0.97    8     396.25      175.6719381   15.4469007   0.0        0.0       1.1738164    0.9335126      0.0      1.4258538  
  9.000469    0.51    8     30.39       175.6996666   15.4469996   0.2952     0.0       0.37297538   0.42212412     0.0      1.4258538  
  9.000470    1.22    9     374.79      175.6923245   15.4468729   1.0402     1.6581    4.482499     7.7090383      36.771   1.4259     
  9.000471    1.09    9     1419.2      175.6926937   15.4468252   1.0402     0.0       2.566139     4.4019003      36.771   1.4259     
  9.000472    0.97    8     41.3        175.7029068   15.446956    0.0        0.0       0.5205233    0.5888981      0.0      1.4258538  
  9.000473    0.87    2     22.98       175.6815628   15.4468637   0.13301    0.27846   0.4847973    0.4586487      0.0      1.4258538  
  9.000474    0.91    1     21.91       175.6720003   15.4465647   0.0        0.0       0.46233863   0.63392836     0.0      1.4258538  
  9.000475    0.92    7     421.92      175.6936714   15.4463708   3.4821     7.4261    15.005145    21.482271      29.139   1.4259     
  9.000476    1.09    4     791.62      175.7094254   15.4462118   0.56239    0.41316   7.33365      13.008889      35.655   1.4259     
  9.000477    0.58    8     6310.4      175.6840257   15.4461249   5.7295     0.89298   7.1548443    7.605367       0.0      1.4258538  
  9.000478    1.07    3     128.17      175.6874258   15.4463243   0.53358    0.0       1.1123466    1.346853       0.0      1.4258538  
  9.000479    1.02    8     100.5       175.6972444   15.4464193   0.0        0.0       0.7914075    0.8751453      0.0      1.4258538  
  9.000480    0.18    6     225.55      175.6949305   15.4462109   1.2687     0.74865   2.5635405    2.9493084      0.0      1.4258538  
  9.000481    1.11    8     70.55       175.6851569   15.4461447   0.37925    0.0       0.7844408    1.2875384      0.0      1.4258538  
  9.000482    0.49    8     67.65       175.6850193   15.445986    0.37925    0.0       0.44837376   0.824594       0.0      1.4258538  
  9.000483    0.98    9     610.87      175.6807094   15.4460283   0.70268    1.9775    7.2945786    10.828298      32.507   1.4259     
  9.000484    0.11    1     7.5037E7    175.7024698   15.4452504   827.41     952.8     1733.8049    1719.3339      479.0    1.4259     
  9.000485    0.1     8     54.16       175.7070541   15.4460265   1.0839     1.3118    1.8171895    1.9019548      0.0      1.4258538  
  9.000486    1.33    0     59.8        175.6829193   15.4460347   0.0        0.0       2.0881429    4.6464386      15.479   1.4259     
  9.000487    0.14    8     3338.6      175.6981643   15.4456291   24.3       32.692    40.828197    49.81501       20.912   1.4259     
  9.000488    0.89    8     164.27      175.7036426   15.445929    0.0        0.0       1.1202635    1.3782252      0.0      1.4258538  
  9.000489    0.99    1     73.46       175.7121632   15.4458911   0.24264    0.46132   2.155362     3.7656522      0.0      1.4258538  
  9.000490    0.99    4     309.89      175.677525    15.4458268   0.73195    0.0       1.6421022    1.6831398      0.0      1.4258538  
  9.000491    0.96    8     13.66       175.6917164   15.445721    0.0        0.0       0.21304934   0.1639382      0.0      1.4258538  
  9.000492    0.81    7     30.13       175.7103522   15.4456152   0.0        0.39914   0.28946775   0.6151205      0.0      1.4258538  
  9.000493    1.04    8     157.3       175.6721766   15.4458494   0.0        0.0       0.89404666   0.90823907     0.0      1.4258538  
  9.000494    0.94    8     1441.1      175.6722907   15.4453466   0.0        0.40324   2.4034781    1.8131769      0.0      1.4258538  
  9.000495    0.47    8     34.48       175.7128083   15.4451761   0.3265     0.0       0.36522472   0.5191349      0.0      1.4258538  
  9.000496    1.04    2     48.78       175.6791661   15.4450918   0.0        0.0       1.0744846    1.891299       0.0      1.4258538  
  9.000497    1.16    0     133.6       175.680426    15.4451868   0.0        0.56985   2.890415     5.3417087      20.716   1.4259     
  9.000498    0.98    8     1347.0      175.6832195   15.4447635   0.0        2.6201    4.217744     4.69851        29.751   1.4259     
  9.000499    1.06    9     7929.6      175.683171    15.4443586   7.1056     2.7469    11.392006    14.439768      29.751   1.4259     
  9.000500    0.14    8     443.27      175.6895852   15.4446146   2.4745     1.9459    3.3223102    3.5806363      0.0      1.4258538  
  9.000501    0.83    1     34.97       175.7076716   15.444833    0.22839    0.27167   0.55146784   0.44684836     0.0      1.4258538  
  9.000502    0.91    1     86.21       175.6800275   15.4459951   0.0        0.0       1.0893317    1.5223699      0.0      1.4258538  
  9.000503    0.45    8     19.22       175.7110866   15.4445466   0.33938    0.25279   0.53648823   0.6353312      0.0      1.4258538  
  9.000504    0.08    1     15.78       175.6800448   15.4444087   0.94458    1.2832    1.7007489    1.8579764      0.0      1.4258538  
  9.000505    0.89    8     11.11       175.7038309   15.4443576   0.0        0.0       0.2854961    0.34242082     0.0      1.4258538  
  9.000506    0.23    8     9.5         175.6863411   15.4440376   0.75907    1.0947    1.3206879    1.6974626      0.0      1.4258538  
  9.000507    0.91    1     108.35      175.7019551   15.4440821   0.0        0.26723   1.3467289    1.991041       0.0      1.4258538  
  9.000508    0.21    8     37.89       175.7062069   15.4439661   1.5504     1.9777    2.770513     3.5149584      0.0      1.4258538  
  9.000509    0.98    8     2982.0      175.6725132   15.4438742   0.0        0.0       3.3809612    2.905094       0.0      1.4258538  
  9.000510    1.32    5     358.92      175.6846356   15.4438398   0.53206    0.53412   4.1879377    8.816987       43.959   1.4259     
  9.000511    0.43    9     41.44       175.6776008   15.4439479   0.49245    0.39716   0.75557953   1.3448696      0.0      1.4258538  
  9.000512    0.08    2     5.01        175.6979312   15.4439314   0.61842    1.0073    1.4867578    1.654094       0.0      1.4258538  
  9.000513    0.9     3     34.59       175.7043696   15.4439303   0.34163    0.69151   1.2405097    1.3836944      0.0      1.4258538  
  9.000514    0.91    1     90.59       175.6904581   15.4439057   0.34457    0.0       0.6458924    0.5633265      0.0      1.4258538  
  9.000515    0.43    0     23.07       175.7128898   15.4437425   0.49322    0.63294   1.2815046    1.7937429      0.0      1.4258538  
  9.000516    1.6     0     16.8        175.7090322   15.4435467   0.0        0.0       1.0539019    3.3049142      15.328   1.4259     
  9.000517    0.09    8     23.42       175.6822723   15.4434668   1.2139     1.8222    2.16551      2.5051873      0.0      1.4258538  
  9.000518    0.1     2     157.61      175.6827732   15.4432898   2.6637     3.1842    5.4964237    6.230461       0.0      1.4258538  
  9.000519    1.2     9     81.26       175.6946106   15.443255    0.27082    0.0       1.7569532    3.2021391      12.023   1.4259     
  9.000520    0.5     8     880.96      175.6790205   15.4432019   1.87       0.0       2.060441     2.570397       0.0      1.4258538  
  9.000521    0.43    8     13.61       175.712503    15.4433133   0.32063    0.36074   0.48676595   0.65675014     0.0      1.4258538  
  9.000522    1.01    8     486.45      175.6726391   15.4431806   0.0        0.0       1.4454404    1.3677294      0.0      1.4258538  
  9.000523    0.94    8     134.49      175.6726917   15.4429242   0.0        0.0       0.60478383   0.40487427     0.0      1.4258538  
  9.000524    1.26    1     4.9         175.7080175   15.4431953   0.0        0.0       0.28518072   0.60317063     0.0      1.4258538  
  9.000525    1.12    1     64.18       175.6785949   15.4430064   0.0        0.0       1.031241     1.8800101      0.0      1.4258538  
  9.000526    1.5     9     66.52       175.7091271   15.4430267   0.33193    0.0       0.6977827    1.5853319      15.328   1.4259     
  9.000527    0.89    8     7.29        175.6774786   15.4430379   0.0        0.0       0.2421476    0.31211898     0.0      1.4258538  
  9.000528    0.2     9     43.27       175.706427    15.4429147   0.90799    0.94311   1.9186696    2.4486132      0.0      1.4258538  
  9.000529    0.96    1     28.52       175.7069334   15.4428158   0.20514    0.82596   2.7728105    4.440585       10.781   1.4259     
  9.000530    1.22    8     43.07       175.7005761   15.4428049   0.28124    0.0       0.64756024   0.94702226     0.0      1.4258538  
  9.000531    0.98    3     4262.5      175.6729481   15.4425586   0.78069    0.0       4.719763     4.152983       0.0      1.4258538  
  9.000532    1.04    8     357.38      175.6728513   15.4421986   0.0        0.0       1.3449935    1.3642067      0.0      1.4258538  
  9.000533    0.1     1     85.22       175.6867907   15.4426185   1.5478     2.7162    3.088305     3.5576253      0.0      1.4258538  
  9.000534    1.2     8     23.12       175.6831187   15.4426178   0.20544    0.0       0.4629778    0.8013093      0.0      1.4258538  
  9.000535    1.2     9     305.71      175.6889783   15.4422087   2.1715     4.3279    13.600667    22.586046      78.18    1.4259     
  9.000536    0.45    8     60.58       175.6968944   15.442393    0.48996    0.72872   0.46323374   0.87975186     0.0      1.4258538  
  9.000537    1.03    8     12.82       175.6937269   15.4423435   0.0        0.0       0.24735472   0.24501923     0.0      1.4258538  
  9.000538    0.23    8     16.56       175.6982079   15.4422014   0.73087    0.94598   1.2389112    1.5818315      0.0      1.4258538  
  9.000539    0.75    1     28.62       175.6846958   15.4420306   0.27675    0.269     0.51404387   0.4387329      0.0      1.4258538  
  9.000540    0.93    8     79.97       175.691196    15.4420524   0.0        0.0       0.44320044   0.27580377     0.0      1.4258538  
  9.000541    0.48    8     32.05       175.7042384   15.4420572   0.30741    0.0       0.27971786   0.3506551      0.0      1.4258538  
  9.000542    0.89    1     20.22       175.7004932   15.4415989   0.0        0.20582   0.90648407   1.3952119      0.0      1.4258538  
  9.000543    0.99    8     1709.5      175.7138904   15.441541    0.0        0.0       2.5640128    2.2094297      0.0      1.4258538  
  9.000544    1.03    8     261.64      175.7110875   15.4414755   0.10788    0.62592   1.9746048    2.2276154      0.0      1.4258538  
  9.000545    1.21    8     16.86       175.6871314   15.441458    0.18506    0.0       0.37146696   0.5897666      0.0      1.4258538  
  9.000546    0.83    8     19823.0     175.6730013   15.4410503   1.5091     8.4497    7.320828     5.617204       0.0      1.4258538  
  9.000547    1.18    8     2623.7      175.6846775   15.4408423   2.1145     0.0       6.9202247    8.871564       15.962   1.4259     
  9.000548    0.92    8     9.32        175.6935466   15.4410706   0.0        0.0       0.2543315    0.29571965     0.0      1.4258538  
  9.000549    1.05    8     84.97       175.689332    15.4407744   0.27527    0.0       0.92138296   1.0247082      0.0      1.4258538  
  9.000550    0.87    1     70.46       175.6897666   15.4407903   0.18045    0.0       0.39278978   0.21857484     0.0      1.4258538  
  9.000551    1.59    1     31.06       175.7105815   15.4407555   0.0        0.0       0.44899362   1.4687916      0.0      1.4258538  
  9.000552    1.0     8     76.88       175.7110591   15.4407585   0.0        0.0       0.5626006    0.52153105     0.0      1.4258538  
  9.000553    0.78    8     840220.0    175.6751371   15.4404282   61.094     13.547    64.10918     57.422253      0.0      1.4258538  
  9.000554    0.84    2     57.27       175.691932    15.4406315   0.2278     0.61016   0.8279425    0.7437041      0.0      1.4258538  
  9.000555    0.13    2     23.82       175.7050678   15.4405341   0.35445    0.50797   1.0185918    1.0539019      0.0      1.4258538  
  9.000556    0.27    8     409.56      175.7070307   15.4403884   4.4324     6.6338    7.812683     10.191549      0.0      1.4258538  
  9.000557    0.08    7     192.59      175.6767561   15.4402789   5.9506     7.7268    11.658434    13.325398      15.694   1.4259     
  9.000558    0.49    8     20.78       175.7129487   15.4403597   0.23298    0.44738   0.31436935   0.5357475      0.0      1.4258538  
  9.000559    1.03    8     73.9        175.673162    15.4402665   0.0        0.0       0.6746526    0.7422671      0.0      1.4258538  
  9.000560    1.04    8     200.04      175.6732284   15.4399708   0.0        0.0       1.0375289    1.078649       0.0      1.4258538  
  9.000561    0.59    8     339.94      175.699366    15.4401866   0.88969    0.51727   0.88348705   0.7199133      0.0      1.4258538  
  9.000562    0.49    8     183.25      175.6990876   15.4401593   0.88969    0.28047   1.1129616    1.150271       0.0      1.4258538  
  9.000563    0.37    9     4.33        175.7083246   15.4401684   0.41879    0.58879   0.8821048    1.3400475      0.0      1.4258538  
  9.000564    0.87    8     1.27410002E10 175.7132825   15.4401578   0.0        0.0       3053.7976    55.600693      0.0      1.4258538  
  9.000565    0.58    8     66.52       175.7107617   15.4401554   0.34792    0.36492   0.30069083   0.323415       0.0      1.4258538  
  9.000566    0.89    8     18.7        175.7038203   15.4400973   0.0        0.24132   0.33229223   0.28728977     0.0      1.4258538  
  9.000567    1.03    6     90.59       175.6773688   15.4400285   0.0        0.0       0.5530956    0.6692682      19.915   1.4259     
  9.000568    1.04    7     102.93      175.6777079   15.4397647   1.0868     1.8323    5.1144648    7.384485       19.915   1.4259     
  9.000569    0.89    8     4.21        175.7058521   15.4399139   0.0        0.0       0.1841112    0.2372904      0.0      1.4258538  
  9.000570    0.48    8     84.89       175.6916114   15.4398606   0.54959    0.0       0.715155     0.9014885      0.0      1.4258538  
  9.000571    0.93    1     13.45       175.7037185   15.4398196   0.0        0.0       0.385443     0.55207765     0.0      1.4258538  
  9.000572    1.03    8     1609.3      175.6750967   15.4395356   0.0        0.0       3.6001468    4.171          0.0      1.4258538  
  9.000573    1.23    1     34.98       175.7014441   15.4396107   0.0        0.0       0.7721118    1.5802296      0.0      1.4258538  
  9.000574    1.0     1     168.59      175.6764957   15.4393934   0.4434     1.4108    5.59861      8.986699       29.671   1.4259     
  9.000575    1.07    4     119.56      175.6797703   15.4393549   0.41745    0.99101   5.0049553    8.70964        30.255   1.4259     
  9.000576    1.0     9     55.33       175.6788342   15.4393432   0.8281     2.3292    5.4040604    7.9858327      26.069   1.4259     
  9.000577    0.92    8     337.03      175.6733349   15.4393881   0.0        0.0       0.8365274    0.45687792     0.0      1.4258538  
  9.000578    0.56    8     108.27      175.6810506   15.4393355   0.57624    0.0       0.9124313    1.0525438      0.0      1.4258538  
  9.000579    0.56    8     3087.4      175.689032    15.4386696   26.933     39.646    51.14936     68.321945      44.142   1.4259     
  9.000580    0.87    8     40.95       175.7091275   15.439433    0.0        0.0       0.18789715   0.021252017    0.0      1.4258538  
  9.000581    1.04    9     191.8       175.6917742   15.4393043   0.75052    0.0       1.2485335    1.4491729      0.0      1.4258538  
  9.000582    1.04    8     32.6        175.6842791   15.4393089   0.0        0.0       0.41522184   0.42866713     0.0      1.4258538  
  9.000583    0.71    8     47.01       175.7049708   15.4392597   0.26841    0.0       0.26641592   0.17188586     0.0      1.4258538  
  9.000584    0.98    8     137.46      175.6750173   15.4391305   0.0        0.0       0.71568215   0.600344       0.0      1.4258538  
  9.000585    0.92    2     48.69       175.6964514   15.4391788   0.18399    0.0       0.44108286   0.34613076     0.0      1.4258538  
  9.000586    0.95    8     314.68      175.6733997   15.4390254   0.0        0.0       0.9646287    0.68447906     0.0      1.4258538  
  9.000587    0.98    8     1121.5      175.6734524   15.4387583   0.0        0.1879    2.1673057    1.8513144      0.0      1.4258538  
  9.000588    0.84    1     31.51       175.6827181   15.4390631   0.11921    0.25911   0.39785075   0.30080163     0.0      1.4258538  
  9.000589    1.14    8     48.0        175.7053428   15.4389139   0.31031    0.0       0.7927937    1.3243421      0.0      1.4258538  
  9.000590    0.9     8     43.43       175.6757689   15.4388214   0.0        0.43427   0.59123504   0.698683       0.0      1.4258538  
  9.000591    0.49    8     253.07      175.7034999   15.4388316   0.81141    0.0       0.88527906   1.3137726      0.0      1.4258538  
  9.000592    1.03    2     5.35        175.6806111   15.4387333   0.0        0.0       0.28194225   0.4713681      0.0      1.4258538  
  9.000593    0.16    8     151.34      175.6963865   15.4386222   0.92385    0.7848    1.383567     1.2774979      0.0      1.4258538  
  9.000594    0.99    8     740.82      175.6895954   15.4381237   0.0        1.408     3.2050898    3.7861707      0.0      1.4258538  
  9.000595    1.03    8     266.83      175.6735636   15.4382635   0.0        0.0       1.1541976    1.1642338      0.0      1.4258538  
  9.000596    0.68    8     46.89       175.6946585   15.4383273   0.33707    0.0       0.533286     0.5225889      0.0      1.4258538  
  9.000597    1.34    3     55.97       175.6811712   15.4381779   0.0        0.26505   1.8460361    4.158725       20.795   1.4259     
  9.000598    0.14    8     44.62       175.6854894   15.4381266   0.66976    0.44916   1.0271649    1.0591567      0.0      1.4258538  
  9.000599    1.22    7     596.72      175.6771028   15.4378121   1.1477     0.43974   4.457796     7.7147207      30.017   1.4259     
  9.000600    0.1     8     218.67      175.6956299   15.4378302   2.0372     0.0       3.3825185    3.512046       0.0      1.4258538  
  9.000601    0.73    7     52.36       175.6945474   15.4378538   0.95702    0.0       3.8854399    5.5141706      0.0      1.4258538  
  9.000602    0.81    8     21.0        175.6966968   15.437879    0.0        0.42139   0.22407849   0.2632208      0.0      1.4258538  
  9.000603    1.04    8     128.28      175.6738001   15.4377189   0.0        0.0       0.8451235    0.890923       0.0      1.4258538  
  9.000604    0.7     8     3942.4      175.6903564   15.4375703   2.7406     0.0       1.2073694    1.4181435      0.0      1.4258538  
  9.000605    0.49    7     349.61      175.6903476   15.4372241   2.7406     2.6485    4.8444023    6.2805862      0.0      1.4258538  
  9.000606    0.95    8     13.25       175.6753834   15.437626    0.0        0.0       0.19615535   0.13742957     0.0      1.4258538  
  9.000607    0.06    8     1.96        175.6853998   15.4375423   1.0645     0.0       1.8480775    2.127944       0.0      1.4258538  
  9.000608    0.43    9     36.52       175.6838933   15.4374304   0.38012    0.46748   0.56780624   0.9775077      0.0      1.4258538  
  9.000609    0.95    1     19.37       175.6966214   15.4374632   0.0        0.0       0.4843956    0.7199133      0.0      1.4258538  
  9.000610    1.0     8     182.51      175.6737012   15.4374224   0.0        0.0       0.87040263   0.8107374      0.0      1.4258538  
  9.000611    2.24    7     56.08       175.697488    15.437837    0.74535    0.5708    0.8811304    1.9746048      13.247   1.4259     
  9.000612    0.97    8     100.15      175.6737683   15.4379844   0.0        0.0       0.5877602    0.46468663     0.0      1.4258538  
  9.000613    0.94    2     128.76      175.680283    15.43726     0.42446    0.0       0.9173186    0.84271395     0.0      1.4258538  
  9.000614    0.58    8     2375.8      175.6891114   15.4370347   5.1904     1.9439    4.644727     5.0192657      0.0      1.4258538  
  9.000615    1.03    3     1124.4      175.6748091   15.4370594   1.1238     0.0       3.2368321    3.3865712      0.0      1.4258538  
  9.000616    0.84    8     22.72       175.6833437   15.4371073   0.0        0.44214   0.3360471    0.3903374      0.0      1.4258538  
  9.000617    1.08    8     1187.4      175.697883    15.4379077   1.4873     0.0       2.9433384    4.705006       13.247   1.4259     
  9.000618    1.02    8     169.14      175.673794    15.436951    0.0        0.0       0.86808085   0.83544946     0.0      1.4258538  
  9.000619    0.87    8     1806200.0   175.6952441   15.4369246   0.0        0.0       39.37678     4.3571267      0.0      1.4258538  
  9.000620    1.63    2     45814.0     175.6949462   15.4368739   0.0        0.0       14.206274    51.880028      0.0      1.4258538  
  9.000621    0.91    8     1074500.0   175.6947515   15.4368246   0.0        0.0       45.465317    23.261633      0.0      1.4258538  
  9.000622    1.04    8     77.67       175.6805552   15.436761    0.23044    0.0       0.8491808    0.9412829      0.0      1.4258538  
  9.000623    1.75    0     6885.7      175.6932257   15.4368034   0.0        0.34261   0.3839195    9.218074       0.0      1.4258538  
  9.000624    0.87    8     8976.8      175.6963936   15.4371183   0.0        0.0       2.7430909    0.26658773     0.0      1.4258538  
  9.000625    0.55    8     8.77        175.6760521   15.4367619   0.1478     0.0       0.21779113   0.25548193     0.0      1.4258538  
  9.000626    1.02    8     21.19       175.6790937   15.4367029   0.0        0.0       0.30979913   0.30044168     0.0      1.4258538  
  9.000627    0.98    8     156.19      175.6913151   15.4364774   0.0        0.0       0.76828116   0.65204895     0.0      1.4258538  
  9.000628    1.75    0     2561.6      175.6910904   15.4363937   0.0        0.0       0.77510434   7.2952504      0.0      1.4258538  
  9.000629    0.91    8     240.22      175.673854    15.4364248   0.0        0.0       0.6445256    0.29842842     0.0      1.4258538  
  9.000630    0.95    8     350.04      175.6739061   15.4362298   0.0        0.0       1.038198     0.75760037     0.0      1.4258538  
  9.000631    0.87    8     14984.0     175.691627    15.4363899   0.0        0.44705   3.564513     0.3422947      0.0      1.4258538  
  9.000632    0.41    8     24.25       175.6784769   15.4363093   0.55254    0.48355   0.65469676   1.034666       0.0      1.4258538  
  9.000633    0.52    8     1210.5      175.6795468   15.4361593   2.7305     1.0962    4.544438     5.3703203      0.0      1.4258538  
  9.000634    1.71    1     1090.0      175.689104    15.4361633   0.0        0.0       1.350704     6.7365913      0.0      1.4258538  
  9.000635    0.61    8     34.85       175.68161     15.4363107   0.28708    0.28463   0.34330505   0.2731242      0.0      1.4258538  
  9.000636    0.96    4     54.69       175.6778639   15.4362232   0.24092    0.0       0.54757065   0.5054523      0.0      1.4258538  
  9.000637    0.97    1     1307.2      175.690595    15.4360934   0.0        0.24786   4.4161134    6.868157       0.0      1.4258538  
  9.000638    0.9     8     316740.0    175.6903786   15.4360577   0.0        0.0       21.426943    8.153803       0.0      1.4258538  
  9.000639    0.87    8     138750.0    175.6900749   15.4359702   0.0        0.0       10.256524    0.40116236     0.0      1.4258538  
  9.000640    1.75    0     3175.5      175.6896901   15.4359456   0.0        0.0       0.3587238    6.58628        0.0      1.4258538  
  9.000641    1.02    8     280.27      175.6741361   15.4357627   0.0        0.0       1.3186216    1.4553257      0.0      1.4258538  
  9.000642    0.96    1     1406.0      175.6757628   15.4355152   0.0        0.0       4.00166      5.6838183      15.644   1.4259     
  9.000643    0.12    8     1918.5      175.6757245   15.4351062   5.9457     5.8501    8.751453     9.446702       15.644   1.4259     
  9.000644    1.23    1     2419.1      175.6744956   15.4353016   1.1953     0.0       6.261526     13.005295      0.0      1.4258538  
  9.000645    1.22    8     49.62       175.6786931   15.4351009   0.32036    0.0       0.60679245   1.0145657      0.0      1.4258538  
  9.000646    0.87    8     2606.8      175.6845069   15.4349423   0.0        0.0       1.3605678    9.120103E-31   0.0      1.4258538  
  9.000647    0.99    3     304.43      175.6772977   15.4343361   0.36174    0.0       1.4473054    1.4332442      0.0      1.4258538  
  9.000648    1.62    1     131.87      175.6744898   15.4343847   0.0        0.0       0.82657105   2.8917463      0.0      1.4258538  
  9.000649    0.9     8     14.03       175.6804869   15.4342145   0.0        0.0       0.14815632   0.06171634     0.0      1.4258538  
  9.000650    1.23    8     273.33      175.6769478   15.4340712   0.50802    0.0       1.8727517    2.478336       0.0      1.4258538  
  9.000651    0.87    8     3.3952E9    175.6744636   15.4337798   0.0        0.23918   1674.3268    148.34749      0.0      1.4258538  
  9.000652    0.91    8     3.7178E7    175.674707    15.433689    0.0        0.0       255.55255    120.16008      0.0      1.4258538  
  9.000653    1.76    0     1.8687E8    175.6742543   15.4339359   0.0        0.0       169.77753    1857.8055      0.0      1.4258538  
  9.000654    1.03    8     1720.8      175.6763275   15.4334845   2.0268     6.9381    12.239402    16.060541      48.889   1.4259     
  9.000655    0.88    7     16682.0     175.6760534   15.433373    0.0        0.0       3.8437948    0.50299096     48.889   1.4259     
  9.000656    1.04    8     1.7347E7    175.6743494   15.4334807   0.0        0.25579   311.11447    328.1559       0.0      1.4258538  
